[2024-12-04T03:41:11.840620+00:00] main.INFO: 0 cron jobs were cleaned [] []
[2024-12-04T03:41:13.176994+00:00] main.INFO: Cron Job indexer_reindex_all_invalid is run [] []
[2024-12-04T03:41:13.269713+00:00] main.INFO: Cron Job indexer_reindex_all_invalid is successfully finished. Statistics: {"sum":0.092854022979736,"count":1,"realmem":2097152,"emalloc":1588360,"realmem_start":90701824,"emalloc_start":86189632} [] []
[2024-12-04T03:41:13.281352+00:00] main.INFO: Cron Job submit_payment_services_order_production_feed is run [] []
[2024-12-04T03:41:13.288594+00:00] main.INFO: Cron Job indexer_update_all_views is run [] []
[2024-12-04T03:41:13.290889+00:00] main.INFO: Cron Job submit_payment_services_order_production_feed is successfully finished. Statistics: {"sum":0.0096189975738525,"count":1,"realmem":0,"emalloc":199624,"realmem_start":90701824,"emalloc_start":86475640} [] []
[2024-12-04T03:41:13.314185+00:00] main.INFO: Cron Job submit_payment_services_order_sandbox_feed is run [] []
[2024-12-04T03:41:13.314621+00:00] main.INFO: Cron Job submit_payment_services_order_sandbox_feed is successfully finished. Statistics: {"sum":0.00041007995605469,"count":1,"realmem":0,"emalloc":1072,"realmem_start":90701824,"emalloc_start":86676040} [] []
[2024-12-04T03:41:13.332721+00:00] main.INFO: Cron Job submit_payment_services_order_status_production_feed is run [] []
[2024-12-04T03:41:13.333321+00:00] main.INFO: Cron Job submit_payment_services_order_status_production_feed is successfully finished. Statistics: {"sum":0.00059103965759277,"count":1,"realmem":0,"emalloc":1072,"realmem_start":90701824,"emalloc_start":86677552} [] []
[2024-12-04T03:41:13.350189+00:00] main.INFO: Cron Job submit_payment_services_order_status_sandbox_feed is run [] []
[2024-12-04T03:41:13.350844+00:00] main.INFO: Cron Job submit_payment_services_order_status_sandbox_feed is successfully finished. Statistics: {"sum":0.0006411075592041,"count":1,"realmem":0,"emalloc":1072,"realmem_start":90701824,"emalloc_start":86678952} [] []
[2024-12-04T03:41:13.367471+00:00] main.INFO: Cron Job submit_payment_services_store_production_feed is run [] []
[2024-12-04T03:41:13.368092+00:00] main.INFO: Cron Job submit_payment_services_store_production_feed is successfully finished. Statistics: {"sum":0.00059890747070312,"count":1,"realmem":0,"emalloc":1072,"realmem_start":90701824,"emalloc_start":86680464} [] []
[2024-12-04T03:41:13.386798+00:00] main.INFO: Cron Job submit_payment_services_store_sandbox_feed is run [] []
[2024-12-04T03:41:13.387492+00:00] main.INFO: Cron Job submit_payment_services_store_sandbox_feed is successfully finished. Statistics: {"sum":0.00070786476135254,"count":1,"realmem":0,"emalloc":1072,"realmem_start":90701824,"emalloc_start":86681864} [] []
[2024-12-04T03:41:13.722867+00:00] main.INFO: Cron Job indexer_update_all_views is successfully finished. Statistics: {"sum":0.43425798416138,"count":1,"realmem":6291456,"emalloc":7299112,"realmem_start":92798976,"emalloc_start":87780624} [] []
[2024-12-04T03:41:13.760201+00:00] main.INFO: Cron Job catalog_product_outdated_price_values_cleanup is run [] []
[2024-12-04T03:41:13.760534+00:00] main.INFO: Cron Job catalog_product_outdated_price_values_cleanup is successfully finished. Statistics: {"sum":0.00042200088500977,"count":1,"realmem":0,"emalloc":2360,"realmem_start":90701824,"emalloc_start":86677928} [] []
[2024-12-04T03:41:13.775538+00:00] main.INFO: Cron Job catalog_product_frontend_actions_flush is run [] []
[2024-12-04T03:41:13.778121+00:00] main.INFO: Cron Job catalog_product_frontend_actions_flush is successfully finished. Statistics: {"sum":0.002551794052124,"count":1,"realmem":0,"emalloc":1512,"realmem_start":90701824,"emalloc_start":86708992} [] []
[2024-12-04T03:41:13.793368+00:00] main.INFO: Cron Job outdated_authentication_failures_cleanup is run [] []
[2024-12-04T03:41:13.796968+00:00] main.INFO: Cron Job outdated_authentication_failures_cleanup is successfully finished. Statistics: {"sum":0.0035648345947266,"count":1,"realmem":0,"emalloc":1448,"realmem_start":90701824,"emalloc_start":86818992} [] []
[2024-12-04T03:41:13.833005+00:00] main.INFO: Cron Job sales_grid_order_async_insert is run [] []
[2024-12-04T03:41:13.833266+00:00] main.INFO: Cron Job sales_grid_order_async_insert is successfully finished. Statistics: {"sum":0.0002589225769043,"count":1,"realmem":0,"emalloc":1072,"realmem_start":90701824,"emalloc_start":87002936} [] []
[2024-12-04T03:41:13.844710+00:00] main.INFO: Cron Job sales_grid_order_invoice_async_insert is run [] []
[2024-12-04T03:41:13.845087+00:00] main.INFO: Cron Job sales_grid_order_invoice_async_insert is successfully finished. Statistics: {"sum":0.00036907196044922,"count":1,"realmem":0,"emalloc":1072,"realmem_start":90701824,"emalloc_start":87007104} [] []
[2024-12-04T03:41:13.856486+00:00] main.INFO: Cron Job sales_grid_order_shipment_async_insert is run [] []
[2024-12-04T03:41:13.856868+00:00] main.INFO: Cron Job sales_grid_order_shipment_async_insert is successfully finished. Statistics: {"sum":0.00037097930908203,"count":1,"realmem":0,"emalloc":1072,"realmem_start":90701824,"emalloc_start":87010616} [] []
[2024-12-04T03:41:13.878154+00:00] main.INFO: Cron Job sales_grid_order_creditmemo_async_insert is run [] []
[2024-12-04T03:41:13.878784+00:00] main.INFO: Cron Job sales_grid_order_creditmemo_async_insert is successfully finished. Statistics: {"sum":0.00061702728271484,"count":1,"realmem":0,"emalloc":1072,"realmem_start":90701824,"emalloc_start":87014128} [] []
[2024-12-04T03:41:14.079172+00:00] main.INFO: Cron Job sales_send_order_emails is run [] []
[2024-12-04T03:41:14.079440+00:00] main.INFO: Cron Job sales_send_order_emails is successfully finished. Statistics: {"sum":0.0002901554107666,"count":1,"realmem":0,"emalloc":1136,"realmem_start":94896128,"emalloc_start":90609176} [] []
[2024-12-04T03:41:14.105774+00:00] main.INFO: Cron Job consumers_runner is run [] []
[2024-12-04T03:41:14.105900+00:00] main.INFO: Cron Job sales_send_order_invoice_emails is run [] []
[2024-12-04T03:41:14.106178+00:00] main.INFO: Cron Job sales_send_order_invoice_emails is successfully finished. Statistics: {"sum":0.00024890899658203,"count":1,"realmem":0,"emalloc":1136,"realmem_start":94896128,"emalloc_start":91271688} [] []
[2024-12-04T03:41:14.143003+00:00] main.INFO: Cron Job sales_send_order_shipment_emails is run [] []
[2024-12-04T03:41:14.143384+00:00] main.INFO: Cron Job sales_send_order_shipment_emails is successfully finished. Statistics: {"sum":0.00037693977355957,"count":1,"realmem":0,"emalloc":1136,"realmem_start":94896128,"emalloc_start":92067552} [] []
[2024-12-04T03:41:14.164301+00:00] main.INFO: Cron Job consumers_runner is successfully finished. Statistics: {"sum":0.058649063110352,"count":1,"realmem":0,"emalloc":216816,"realmem_start":94896128,"emalloc_start":92291528} [] []
[2024-12-04T03:41:14.185960+00:00] main.INFO: Cron Job sales_send_order_creditmemo_emails is run [] []
[2024-12-04T03:41:14.186554+00:00] main.INFO: Cron Job sales_send_order_creditmemo_emails is successfully finished. Statistics: {"sum":0.00043988227844238,"count":1,"realmem":0,"emalloc":1136,"realmem_start":96993280,"emalloc_start":92692512} [] []
[2024-12-04T03:41:14.208249+00:00] main.INFO: Cron Job inventory_in_store_pickup_sales_send_order_notified_emails is run [] []
[2024-12-04T03:41:14.208894+00:00] main.INFO: Cron Job inventory_in_store_pickup_sales_send_order_notified_emails is successfully finished. Statistics: {"sum":0.00041007995605469,"count":1,"realmem":0,"emalloc":1136,"realmem_start":96993280,"emalloc_start":92741816} [] []
[2024-12-04T03:41:14.224852+00:00] main.INFO: Cron Job bulk_cleanup is run [] []
[2024-12-04T03:41:14.232834+00:00] main.INFO: Cron Job bulk_cleanup is successfully finished. Statistics: {"sum":0.0079360008239746,"count":1,"realmem":0,"emalloc":4304,"realmem_start":96993280,"emalloc_start":92753440} [] []
